2025-02-20 10:50:52,006 - INFO - Profile loaded: TEST3_20250220_104213
2025-02-20 10:50:54,258 - INFO - Profile loaded: test1
2025-02-20 10:50:56,500 - INFO - Profile loaded: test22_20250220_104103
2025-02-20 10:50:58,716 - INFO - Profile loaded: Bestbuy-Nvidia
2025-02-20 10:51:08,494 - ERROR - Unexpected Error: 'StockMonitorGUI' object has no attribute 'display_search_results'
2025-02-20 10:52:07,333 - INFO - Application closed
2025-02-20 10:52:14,088 - ERROR - Unexpected Error: 'display_name'
2025-02-20 10:52:56,883 - INFO - Application closed
2025-02-20 10:54:38,770 - INFO - Application closed
2025-02-20 10:54:45,587 - INFO - Profile loaded: test22_20250220_104103
2025-02-20 10:54:52,837 - INFO - Deleted profile: test22_20250220_104103
2025-02-20 10:54:54,328 - INFO - Profile deleted: test22_20250220_104103
2025-02-20 10:54:56,870 - INFO - Deleted profile: Bestbuy-Nvidia
2025-02-20 10:54:59,033 - INFO - Profile deleted: Bestbuy-Nvidia
2025-02-20 10:55:00,845 - INFO - Deleted profile: TEST3_20250220_104213
2025-02-20 10:55:02,185 - INFO - Profile deleted: TEST3_20250220_104213
2025-02-20 10:55:04,205 - INFO - Deleted profile: test1
2025-02-20 10:55:05,495 - INFO - Profile deleted: test1
2025-02-20 10:57:19,701 - INFO - Application closed
2025-02-20 10:57:58,627 - INFO - Profile loaded: Test420
2025-02-20 10:58:12,232 - INFO - Profile loaded: Test420
2025-02-20 10:59:15,078 - INFO - Application closed
2025-02-20 10:59:21,375 - INFO - Profile loaded: Test420
2025-02-20 10:59:22,930 - INFO - Started monitoring: https://www.bestbuy.ca/en-ca/product/18931348
2025-02-20 10:59:22,936 - INFO - Started monitoring: https://www.bestbuy.ca/en-ca/product/19177947
2025-02-20 10:59:22,942 - INFO - Started monitoring: https://www.bestbuy.ca/en-ca/product/18969272
2025-02-20 10:59:25,551 - INFO - [2025-02-20 10:59:25] Started monitoring profile: Test420
2025-02-20 11:01:22,092 - INFO - Profile loaded: Test420
2025-02-20 11:01:23,874 - INFO - [2025-02-20 11:01:23] Started monitoring profile: Test420
2025-02-20 11:02:13,559 - INFO - Profile loaded: Test420
2025-02-20 11:02:16,385 - INFO - [2025-02-20 11:02:16] Started monitoring profile: Test420
2025-02-20 11:06:05,631 - INFO - Profile loaded: Test420
2025-02-20 11:06:07,957 - INFO - [2025-02-20 11:06:07] Cleared setup GUI for new profile
2025-02-20 11:06:07,957 - INFO - [2025-02-20 11:06:07] Started monitoring profile: Test420
2025-02-20 11:07:46,195 - INFO - Application closed
2025-02-20 11:07:46,246 - ERROR - Error stopping monitoring: invalid command name ".!frame.!notebook.!profilemonitor.!labelframe3.!text"
2025-02-20 11:07:54,733 - INFO - Profile loaded: Test420
2025-02-20 11:07:57,221 - INFO - [2025-02-20 11:07:57] Cleared setup GUI for new profile
2025-02-20 11:07:57,221 - INFO - [2025-02-20 11:07:57] Started monitoring profile: Test420
2025-02-20 11:09:53,760 - INFO - Application closed
2025-02-20 11:09:53,819 - ERROR - Error stopping monitoring: invalid command name ".!frame.!notebook.!profilemonitor.!labelframe3.!text"
2025-02-20 11:09:59,333 - INFO - Profile loaded: Test420
2025-02-20 11:10:04,140 - INFO - [2025-02-20 11:10:04] Cleared setup GUI for new profile
2025-02-20 11:10:04,140 - INFO - [2025-02-20 11:10:04] Started monitoring profile: Test420
2025-02-20 11:10:21,142 - INFO - [2025-02-20 11:10:21] Cleared setup GUI for new profile
2025-02-20 11:10:21,142 - INFO - [2025-02-20 11:10:21] Started monitoring task: Task_20250220_111020
2025-02-20 11:11:48,526 - INFO - Application closed
2025-02-20 11:11:48,578 - ERROR - Error stopping monitoring: invalid command name ".!frame.!notebook.!profilemonitor.!labelframe3.!text"
2025-02-20 11:11:48,579 - ERROR - Error stopping monitoring: invalid command name ".!frame.!notebook.!profilemonitor2.!labelframe3.!text"
2025-02-20 11:13:02,125 - INFO - Application closed
2025-02-20 11:13:52,433 - INFO - [2025-02-20 11:13:52] Created new task: Task_20250220_111352
2025-02-20 11:13:53,989 - INFO - [2025-02-20 11:13:53] Created new task: Task_20250220_111353
2025-02-20 11:13:59,691 - INFO - [2025-02-20 11:13:59] Created new task: Task_20250220_111359
2025-02-20 11:14:01,423 - INFO - [2025-02-20 11:14:01] Created new task: Task_20250220_111401
2025-02-20 11:14:03,168 - INFO - Application closed
2025-02-20 11:14:03,213 - ERROR - Error stopping monitoring: invalid command name ".!frame.!notebook.!profilemonitor.!labelframe3.!text"
2025-02-20 11:14:03,213 - ERROR - Error stopping monitoring: invalid command name ".!frame.!notebook.!profilemonitor2.!labelframe3.!text"
2025-02-20 11:14:03,213 - ERROR - Error stopping monitoring: invalid command name ".!frame.!notebook.!profilemonitor3.!labelframe3.!text"
2025-02-20 11:14:03,213 - ERROR - Error stopping monitoring: invalid command name ".!frame.!notebook.!profilemonitor4.!labelframe3.!text"
2025-02-20 11:14:41,852 - INFO - [2025-02-20 11:14:41] Created new task: Task_20250220_111441
2025-02-20 11:14:43,935 - INFO - [2025-02-20 11:14:43] Created new task: Task_20250220_111443
2025-02-20 11:14:44,466 - INFO - [2025-02-20 11:14:44] Created new task: Task_20250220_111444
2025-02-20 11:14:51,843 - INFO - Profile loaded: Test420
2025-02-20 11:14:54,028 - INFO - [2025-02-20 11:14:54] Cleared setup GUI for new profile
2025-02-20 11:14:54,028 - INFO - [2025-02-20 11:14:54] Started monitoring profile: Test420
2025-02-20 11:15:36,059 - INFO - [2025-02-20 11:15:36] Cleared setup GUI for new profile
2025-02-20 11:15:36,059 - INFO - [2025-02-20 11:15:36] Started monitoring task: Task_20250220_111535
2025-02-20 11:16:24,376 - INFO - Application closed
2025-02-20 11:16:24,438 - ERROR - Error stopping monitoring: invalid command name ".!frame.!notebook.!profilemonitor.!labelframe3.!text"
2025-02-20 11:16:24,438 - ERROR - Error stopping monitoring: invalid command name ".!frame.!notebook.!profilemonitor2.!labelframe3.!text"
2025-02-20 11:16:24,438 - ERROR - Error stopping monitoring: invalid command name ".!frame.!notebook.!profilemonitor3.!labelframe3.!text"
2025-02-20 11:16:24,438 - ERROR - Error stopping monitoring: invalid command name ".!frame.!notebook.!profilemonitor4.!labelframe3.!text"
2025-02-20 11:16:24,438 - ERROR - Error stopping monitoring: invalid command name ".!frame.!notebook.!profilemonitor5.!labelframe3.!text"
2025-02-20 11:16:30,653 - INFO - Profile loaded: Test420
2025-02-20 11:16:32,458 - INFO - [2025-02-20 11:16:32] Cleared setup GUI for new profile
2025-02-20 11:16:32,459 - INFO - [2025-02-20 11:16:32] Started monitoring profile: Test420
2025-02-20 11:16:37,157 - INFO - [2025-02-20 11:16:37] Created new task: Task_20250220_111637
2025-02-20 11:16:59,955 - INFO - [2025-02-20 11:16:59] Opening product page: NVIDIA GeForce RT...
2025-02-20 11:18:35,159 - INFO - Application closed
2025-02-20 11:18:35,226 - ERROR - Error stopping monitoring: invalid command name ".!frame.!notebook.!profilemonitor.!labelframe3.!text"
2025-02-20 11:18:35,227 - ERROR - Error stopping monitoring: invalid command name ".!frame.!notebook.!profilemonitor2.!labelframe3.!text"
2025-02-20 11:18:40,798 - INFO - Profile loaded: Test420
2025-02-20 11:18:43,134 - ERROR - Task Monitoring Error: 'ProfileMonitor' object has no attribute 'is_profile'
2025-02-20 11:19:56,768 - INFO - Application closed
2025-02-20 11:20:55,025 - INFO - Profile loaded: Test420
2025-02-20 11:20:56,273 - ERROR - Task Monitoring Error: 'ProfileMonitor' object has no attribute 'is_profile'
2025-02-20 11:22:04,268 - INFO - Application closed
2025-02-20 11:22:11,483 - INFO - Profile loaded: Test420
2025-02-20 11:22:12,600 - INFO - [2025-02-20 11:22:12] Cleared setup GUI for new profile
2025-02-20 11:22:20,897 - INFO - Profile loaded: Test420
2025-02-20 11:22:22,437 - INFO - [2025-02-20 11:22:22] Created new task: Task_20250220_112222
2025-02-20 11:22:27,939 - INFO - [2025-02-20 11:22:27] Cleared setup GUI for new profile
2025-02-20 11:22:27,939 - INFO - [2025-02-20 11:22:27] Started monitoring profile: Test420
2025-02-20 11:23:26,875 - INFO - Application closed
2025-02-20 11:23:32,538 - INFO - Profile loaded: Test420
2025-02-20 11:23:37,866 - INFO - [2025-02-20 11:23:37] Cleared setup GUI for new profile
2025-02-20 11:23:37,866 - INFO - [2025-02-20 11:23:37] Started monitoring profile: Test420
2025-02-20 11:23:58,578 - INFO - [2025-02-20 11:23:58] Opening product page: ASUS ROG Strix G1...
2025-02-20 11:24:01,958 - INFO - [2025-02-20 11:24:01] Cleared setup GUI for new profile
2025-02-20 11:26:09,539 - INFO - Application closed
2025-02-20 11:27:39,599 - INFO - Application closed
2025-02-20 11:29:34,923 - INFO - Application closed
2025-02-20 11:29:43,201 - INFO - Profile loaded: Test420
2025-02-20 11:29:45,083 - ERROR - Error checking stock for Not checked: API Error (404): Failed to get product data
2025-02-20 11:29:45,135 - ERROR - Error checking stock for Not checked: API Error (404): Failed to get product data
2025-02-20 11:29:45,135 - ERROR - Task Monitoring Error: 'ProfileMonitor' object has no attribute 'handle_check_error'
2025-02-20 11:30:29,215 - INFO - Application closed
2025-02-20 11:30:37,001 - INFO - Profile loaded: Test420
2025-02-20 11:30:38,462 - ERROR - Error checking stock for Not checked: API Error (404): Failed to get product data
2025-02-20 11:30:38,519 - ERROR - Error checking stock for Not checked: API Error (404): Failed to get product data
2025-02-20 11:30:38,525 - INFO - [2025-02-20 11:30:38] Cleared setup GUI for new profile
2025-02-20 11:30:53,695 - ERROR - Error checking stock for Not checked: API Error (404): Failed to get product data
2025-02-20 11:31:08,853 - ERROR - Error checking stock for Not checked: API Error (404): Failed to get product data
2025-02-20 11:31:24,096 - ERROR - Error checking stock for Not checked: API Error (404): Failed to get product data
2025-02-20 11:31:31,381 - INFO - Application closed
2025-02-20 11:31:36,233 - INFO - Profile loaded: Test420
2025-02-20 11:31:38,218 - ERROR - Error checking stock for Not checked: API Error (404): Failed to get product data
2025-02-20 11:31:38,283 - ERROR - Error checking stock for Not checked: API Error (404): Failed to get product data
2025-02-20 11:31:38,289 - INFO - [2025-02-20 11:31:38] Cleared setup GUI for new profile
2025-02-20 11:31:53,453 - ERROR - Error checking stock for Not checked: API Error (404): Failed to get product data
2025-02-20 11:32:08,636 - ERROR - Error checking stock for Not checked: API Error (404): Failed to get product data
2025-02-20 11:32:21,105 - INFO - Application closed
2025-02-20 11:32:25,998 - INFO - Profile loaded: Test420
2025-02-20 11:32:27,071 - ERROR - Error checking stock for Not checked: API Error (404): Failed to get product data
2025-02-20 11:32:27,254 - ERROR - Error checking stock for Not checked: API Error (404): Failed to get product data
2025-02-20 11:32:27,260 - INFO - [2025-02-20 11:32:27] Cleared setup GUI for new profile
2025-02-20 11:32:42,528 - ERROR - Error checking stock for Not checked: API Error (404): Failed to get product data
2025-02-20 11:32:57,689 - ERROR - Error checking stock for Not checked: API Error (404): Failed to get product data
2025-02-20 11:32:58,226 - INFO - [2025-02-20 11:32:58] Cleared setup GUI for new profile
2025-02-20 11:33:08,652 - INFO - [2025-02-20 11:33:08] Cleared setup GUI for new profile
2025-02-20 11:33:21,161 - INFO - [2025-02-20 11:33:21] Cleared setup GUI for new profile
2025-02-20 11:33:28,913 - INFO - Deleted profile: Test420
2025-02-20 11:33:29,997 - INFO - Profile deleted: Test420
2025-02-20 11:36:14,325 - INFO - Application closed
2025-02-20 11:36:30,873 - INFO - [2025-02-20 11:36:30] Cleared setup GUI for new profile
2025-02-20 11:37:12,778 - INFO - Application closed
2025-02-20 11:37:12,833 - ERROR - Error during cleanup: invalid command name ".!frame.!notebook.!profilemonitor.!labelframe.!text"
2025-02-20 11:37:25,211 - INFO - [2025-02-20 11:37:25] Cleared setup GUI for new profile
2025-02-20 11:38:34,931 - INFO - Application closed
2025-02-20 11:38:34,991 - ERROR - Error during cleanup: invalid command name ".!frame.!notebook.!profilemonitor.!labelframe.!text"
2025-02-20 11:38:50,263 - INFO - [2025-02-20 11:38:50] Cleared setup GUI for new profile
2025-02-20 11:39:43,918 - INFO - Application closed
2025-02-20 11:39:43,976 - ERROR - Error during cleanup: invalid command name ".!frame.!notebook.!profilemonitor.!labelframe.!text"
2025-02-20 11:39:55,594 - INFO - [2025-02-20 11:39:55] Cleared setup GUI for new profile
2025-02-20 11:39:58,306 - INFO - [2025-02-20 11:39:58] Created new task: Task_20250220_113958
2025-02-20 11:40:04,180 - INFO - [2025-02-20 11:40:04] Created new task: Task_20250220_114004
2025-02-20 11:40:06,316 - INFO - [2025-02-20 11:40:06] Created new task: Task_20250220_114006
2025-02-20 11:41:18,979 - INFO - Application closed
2025-02-20 11:41:19,047 - ERROR - Error during cleanup: invalid command name ".!frame.!notebook.!profilemonitor.!labelframe.!text"
2025-02-20 11:41:19,047 - ERROR - Error during cleanup: invalid command name ".!frame.!notebook.!profilemonitor2.!labelframe.!text"
2025-02-20 11:41:19,047 - ERROR - Error during cleanup: invalid command name ".!frame.!notebook.!profilemonitor3.!labelframe.!text"
2025-02-20 11:41:19,047 - ERROR - Error during cleanup: invalid command name ".!frame.!notebook.!profilemonitor4.!labelframe.!text"
2025-02-20 11:41:37,612 - INFO - [2025-02-20 11:41:37] Cleared setup GUI for new profile
2025-02-20 11:43:16,135 - INFO - Application closed
2025-02-20 11:43:16,175 - ERROR - Error during cleanup: invalid command name ".!frame.!notebook.!profilemonitor.!labelframe.!text"
2025-02-20 11:43:30,183 - INFO - [2025-02-20 11:43:30] Cleared setup GUI for new profile
2025-02-20 11:45:32,811 - INFO - Application closed
2025-02-20 11:45:32,848 - ERROR - Error during cleanup: invalid command name ".!frame.!notebook.!profilemonitor.!labelframe.!text"
2025-02-20 11:45:44,918 - INFO - [2025-02-20 11:45:44] Cleared setup GUI for new profile
2025-02-20 11:47:39,035 - INFO - Application closed
2025-02-20 11:47:39,104 - ERROR - Error during cleanup: invalid command name ".!frame.!notebook.!profilemonitor.!labelframe.!text"
2025-02-20 11:48:50,573 - INFO - Application closed
2025-02-20 11:49:39,103 - INFO - Application closed
2025-02-20 11:50:33,918 - INFO - [2025-02-20 11:50:33] Cleared setup GUI for new profile
2025-02-20 11:51:29,107 - INFO - Application closed
2025-02-20 11:51:29,176 - ERROR - Error during cleanup: invalid command name ".!frame.!notebook.!profilemonitor.!labelframe.!text"
